3 0 103 207
3 1 104 208
3 2 105 209
3 3 106 210
3 4 107 211
3 5 108 213
3 6 109 214
3 7 110 215
3 8 111 217
3 9 112 218
3 10 113 219
3 11 114 222
3 12 115 223
3 13 116 224
3 14 117 225
3 15 118 226
3 16 119 227
3 17 120 228
3 18 121 229
3 19 122 230
3 20 123 231
3 21 124 232
3 22 125 233
3 23 126 235
3 24 127 236
3 25 128 237
3 26 129 238
3 27 130 239
3 28 131 240
3 29 132 241
3 30 133 242
3 31 134 243
3 32 135 244
3 34 136 245
3 35 137 246
3 37 138 247
3 38 139 248
3 39 140 249
3 40 141 250
3 41 142 251
3 42 143 252
3 43 144 253
3 44 145 254
3 45 146 255
3 46 147 256
3 47 148 257
3 48 149 258
3 49 150 260
3 50 151 261
3 51 152 262
3 52 153 263
3 53 154 264
3 54 155 265
3 55 156 266
3 56 157 267
3 57 158 268
3 58 159 269
3 59 160 270
3 60 161 271
3 61 162 272
3 62 163 273
3 63 165 274
3 64 166 275
3 66 168 276
3 67 169 277
3 68 170 278
3 69 171 279
3 70 172 280
3 71 173 281
3 72 174 282
3 73 175 283
3 74 176 284
3 75 177 285
3 76 178 286
3 77 181 287
3 78 182 288
3 79 183 289
3 80 184 290
3 81 185 291
3 82 186 292
3 83 187 293
3 84 188 294
3 85 189 295
3 86 190 297
3 87 191 298
2 88 192
2 89 193
2 90 194
2 91 195
2 92 196
2 93 197
2 94 198
2 95 199
2 96 200
2 97 201
2 98 202
2 99 203
2 100 204
2 101 205
2 102 206