6 0 402 804 1210 1634 2119
6 1 403 805 1211 1635 2120
6 2 404 806 1212 1636 2121
6 3 405 807 1213 1637 2122
6 4 406 808 1214 1638 2123
6 5 407 809 1215 1639 2124
6 6 408 810 1216 1640 2125
6 7 409 811 1217 1641 2126
6 8 410 812 1218 1642 2127
6 9 411 813 1219 1643 2128
6 10 412 814 1220 1644 2129
6 11 413 815 1221 1645 2130
6 12 414 816 1222 1646 2131
6 13 415 817 1223 1647 2132
6 14 416 818 1224 1648 2133
6 15 417 819 1225 1649 2134
6 16 418 820 1226 1650 2136
6 17 419 821 1227 1651 2137
6 18 420 822 1228 1652 2138
6 19 421 823 1229 1653 2139
6 20 422 824 1230 1654 2140
6 21 423 825 1231 1655 2141
6 22 424 826 1232 1656 2142
6 23 425 827 1233 1657 2144
6 24 426 828 1234 1658 2145
6 25 427 829 1235 1659 2146
6 26 428 830 1236 1660 2148
6 27 429 831 1237 1661 2149
6 28 430 832 1238 1662 2150
6 29 431 833 1239 1663 2151
6 30 432 834 1240 1665 2152
6 31 433 835 1241 1666 2153
6 32 434 836 1242 1667 2154
6 33 435 838 1243 1668 2155
6 34 436 839 1244 1669 2156
6 35 437 840 1245 1670 2157
6 36 438 841 1246 1671 2158
6 37 439 842 1247 1672 2159
6 38 440 843 1248 1673 2160
6 39 441 844 1249 1674 2161
6 40 442 845 1250 1675 2162
6 41 443 846 1251 1676 2163
6 42 444 847 1252 1677 2164
6 43 446 848 1253 1678 2165
6 44 447 849 1254 1679 2166
6 45 448 850 1255 1680 2167
6 46 449 851 1256 1681 2168
6 47 450 852 1257 1682 2169
6 49 451 853 1258 1683 2170
6 50 452 854 1259 1684 2171
6 51 453 855 1260 1685 2172
6 52 454 856 1261 1686 2173
6 53 455 857 1262 1687 2174
6 54 456 858 1263 1688 2175
6 55 457 859 1264 1689 2177
6 56 458 860 1265 1690 2178
6 57 459 861 1266 1691 2179
6 58 460 862 1267 1692 2180
6 59 461 863 1268 1693 2181
6 60 462 864 1269 1694 2182
6 61 463 865 1270 1695 2183
6 62 464 866 1271 1696 2184
6 63 465 867 1272 1697 2185
6 64 466 868 1273 1698 2186
6 65 467 869 1274 1699 2187
6 66 468 870 1275 1700 2188
6 67 469 871 1276 1701 2189
6 68 470 872 1277 1702 2190
6 69 471 873 1278 1703 2191
6 70 472 874 1279 1704 2192
6 71 473 875 1280 1705 2193
6 72 474 876 1281 1706 2194
6 73 475 877 1282 1707 2195
6 74 476 878 1283 1708 2196
6 75 477 879 1284 1709 2197
6 76 478 880 1285 1710 2198
6 77 479 881 1286 1711 2199
6 78 480 882 1287 1712 2200
6 79 481 883 1288 1713 2201
6 80 482 884 1289 1714 2202
6 81 483 885 1290 1715 2203
6 82 484 886 1291 1716 2204
6 83 485 887 1292 1717 2205
6 84 486 888 1293 1718 2206
6 85 487 889 1294 1719 2207
6 86 488 890 1295 1720 2208
6 87 489 891 1296 1721 2209
6 88 490 892 1297 1722 2210
6 89 491 893 1298 1723 2211
6 90 492 894 1300 1726 2218
6 91 493 895 1301 1727 2219
6 92 494 896 1302 1728 2220
6 93 495 897 1303 1729 2221
6 94 496 898 1304 1730 2222
6 95 497 899 1305 1731 2223
6 96 498 900 1306 1732 2224
6 97 499 901 1307 1733 2225
6 98 500 902 1308 1734 2226
6 99 501 903 1309 1735 2227
6 100 502 904 1310 1736 2228
6 101 503 905 1311 1737 2229
6 102 504 906 1312 1738 2230
6 103 505 907 1313 1739 2231
6 104 506 908 1314 1740 2232
6 105 507 909 1315 1741 2233
6 106 508 910 1316 1742 2234
6 107 509 911 1317 1743 2235
6 108 510 912 1318 1744 2236
6 109 511 913 1319 1746 2237
6 110 512 914 1320 1747 2238
6 111 513 915 1321 1748 2239
6 112 514 916 1322 1749 2240
6 113 515 917 1323 1750 2241
6 114 516 918 1324 1751 2242
6 115 517 919 1325 1752 2243
6 116 518 920 1326 1753 2244
6 117 519 921 1327 1754 2245
6 118 520 922 1328 1755 2246
6 119 521 923 1329 1756 2247
6 120 522 924 1330 1757 2248
6 121 523 925 1331 1758 2249
6 122 524 926 1332 1759 2250
6 123 525 927 1333 1760 2251
6 124 526 928 1334 1761 2252
6 125 527 929 1336 1762 2253
6 126 528 930 1337 1763 2254
6 127 529 931 1338 1764 2255
6 128 530 932 1339 1765 2257
6 129 531 933 1340 1766 2258
6 130 532 934 1341 1767 2259
6 131 533 935 1342 1768 2260
6 132 534 936 1343 1769 2261
6 133 535 937 1344 1770 2262
6 134 536 938 1345 1771 2263
6 135 537 939 1346 1772 2264
6 136 538 940 1347 1773 2265
6 137 539 941 1348 1774 2266
6 138 540 942 1349 1775 2267
6 139 541 943 1350 1776 2268
6 140 542 944 1351 1777 2269
6 141 543 945 1352 1778 2271
6 142 544 946 1353 1779 2272
6 143 545 947 1354 1780 2273
6 144 546 948 1355 1781 2274
6 145 547 949 1356 1782 2275
6 146 548 950 1357 1783 2276
6 147 549 951 1358 1784 2277
6 148 550 952 1359 1785 2279
6 149 551 953 1360 1786 2280
6 150 552 954 1361 1787 2281
6 151 553 955 1362 1788 2282
6 152 554 956 1363 1789 2283
6 153 555 957 1364 1790 2284
6 154 556 958 1365 1791 2285
6 155 557 959 1366 1792 2286
6 156 558 960 1367 1793 2287
6 157 559 961 1368 1794 2288
6 158 560 962 1369 1795 2289
6 159 561 963 1370 1796 2290
6 160 562 964 1371 1797 2291
6 161 563 965 1373 1798 2294
6 162 564 966 1374 1799 2295
6 163 565 967 1375 1800 2297
6 164 566 968 1376 1801 2298
6 165 567 969 1377 1802 2299
6 166 568 970 1378 1803 2300
6 167 569 971 1379 1804 2301
6 168 570 972 1380 1805 2302
6 169 571 973 1381 1806 2303
6 170 572 974 1382 1807 2304
6 171 573 975 1383 1808 2305
6 172 574 976 1384 1809 2306
6 173 575 977 1385 1810 2307
5 174 576 978 1403 1881
5 175 577 979 1404 1882
5 176 578 980 1405 1883
5 177 579 981 1406 1884
5 178 580 982 1407 1885
5 179 581 983 1408 1886
5 180 582 984 1409 1887
5 181 583 985 1410 1888
5 182 584 986 1411 1889
5 183 585 987 1412 1890
5 184 586 988 1413 1891
5 185 587 989 1414 1892
5 186 588 990 1415 1893
5 187 589 991 1416 1894
5 188 590 992 1417 1895
5 189 591 993 1418 1896
5 190 592 994 1419 1897
5 191 593 995 1420 1898
5 192 594 996 1421 1899
5 193 595 997 1422 1901
5 194 596 998 1423 1902
5 195 597 999 1424 1903
5 196 598 1000 1425 1904
5 197 599 1001 1426 1905
5 198 600 1002 1427 1906
5 199 601 1003 1428 1907
5 200 602 1004 1429 1908
5 201 603 1005 1430 1909
5 202 604 1006 1431 1910
5 204 605 1007 1432 1911
5 205 606 1008 1433 1912
5 206 607 1009 1434 1913
5 207 608 1010 1435 1914
5 208 609 1011 1436 1915
5 209 610 1012 1437 1916
5 210 611 1013 1438 1917
5 211 612 1014 1439 1918
5 212 613 1015 1440 1919
5 213 614 1016 1441 1920
5 214 615 1017 1442 1921
5 215 616 1018 1443 1922
5 216 617 1019 1444 1923
5 217 618 1020 1445 1924
5 218 619 1021 1446 1925
5 219 620 1022 1448 1926
5 220 621 1023 1449 1927
5 221 622 1024 1450 1928
5 222 623 1025 1451 1929
5 223 624 1026 1452 1930
5 224 625 1027 1453 1931
5 225 626 1028 1454 1932
5 226 627 1029 1455 1933
5 227 628 1030 1456 1934
5 228 629 1031 1457 1935
5 229 630 1032 1458 1936
5 230 631 1033 1459 1937
5 231 632 1034 1460 1938
5 232 633 1035 1461 1939
5 233 634 1036 1462 1940
5 234 635 1037 1463 1941
5 235 636 1038 1464 1942
5 236 637 1039 1465 1943
5 237 638 1040 1466 1944
5 238 639 1041 1467 1945
5 239 640 1042 1468 1946
5 240 641 1043 1469 1948
5 241 642 1044 1470 1949
5 242 643 1045 1471 1950
5 243 644 1046 1472 1951
5 244 645 1047 1473 1952
5 245 646 1048 1474 1953
5 246 647 1049 1475 1954
5 247 648 1050 1476 1955
5 248 649 1051 1477 1956
5 249 650 1052 1478 1957
5 250 651 1053 1479 1958
5 251 652 1054 1480 1959
5 252 653 1055 1481 1960
5 253 654 1056 1482 1961
5 254 655 1057 1483 1962
5 255 656 1058 1484 1963
5 256 657 1059 1485 1964
5 257 658 1060 1486 1965
5 258 659 1061 1487 1966
5 259 660 1062 1488 1967
5 260 661 1063 1489 1968
5 261 662 1064 1490 1969
5 262 663 1065 1491 1970
5 263 664 1066 1492 1971
5 264 665 1067 1493 1972
5 265 666 1068 1494 1973
5 266 667 1069 1495 1974
5 267 668 1070 1496 1975
5 268 669 1071 1497 1976
5 269 670 1072 1498 1977
5 270 671 1073 1499 1978
5 271 672 1074 1500 1979
5 272 673 1075 1501 1980
5 273 674 1076 1502 1981
5 274 675 1077 1503 1982
5 275 676 1078 1504 1983
5 276 677 1079 1505 1984
5 277 678 1080 1506 1985
5 278 679 1081 1507 1986
5 279 680 1082 1508 1987
5 280 681 1083 1509 1988
5 281 682 1084 1510 1989
5 282 683 1085 1511 1990
5 283 684 1086 1512 1991
5 284 685 1087 1513 1994
5 285 686 1088 1514 1995
5 286 687 1089 1515 1996
5 287 688 1090 1516 1997
5 288 689 1091 1517 1998
5 289 690 1092 1518 1999
5 290 691 1093 1519 2000
5 291 692 1094 1520 2001
5 292 693 1095 1521 2002
5 293 694 1096 1522 2003
5 294 695 1097 1523 2004
5 295 696 1098 1524 2005
5 296 697 1099 1525 2006
5 297 698 1100 1526 2007
5 298 699 1101 1527 2008
5 299 700 1102 1528 2010
5 300 701 1103 1529 2011
5 301 702 1104 1530 2012
5 302 703 1105 1531 2013
5 303 704 1106 1532 2014
5 304 705 1107 1533 2015
5 305 706 1108 1534 2016
5 306 707 1112 1535 2019
5 307 708 1113 1536 2020
5 308 709 1114 1537 2021
5 309 710 1115 1538 2022
5 310 711 1116 1539 2023
5 311 712 1117 1540 2024
5 312 713 1118 1541 2025
5 313 714 1119 1542 2026
5 314 715 1120 1543 2027
5 315 716 1121 1544 2028
5 316 717 1122 1545 2029
5 317 718 1123 1546 2030
5 318 719 1124 1547 2031
5 319 720 1125 1548 2032
5 320 721 1126 1549 2033
5 321 722 1127 1550 2034
5 322 723 1128 1551 2035
5 323 724 1129 1552 2036
5 324 725 1130 1553 2037
5 325 726 1131 1554 2038
5 326 727 1132 1555 2040
5 327 728 1133 1556 2041
5 328 729 1134 1557 2042
5 329 730 1135 1558 2043
5 330 731 1136 1559 2044
5 331 732 1137 1560 2045
5 332 733 1139 1561 2046
5 333 734 1140 1562 2047
5 334 735 1141 1563 2048
5 335 736 1142 1564 2049
5 336 737 1143 1566 2050
5 337 738 1144 1567 2051
5 338 739 1145 1568 2052
5 339 740 1146 1569 2053
5 340 741 1147 1570 2054
5 341 742 1148 1571 2055
5 342 743 1149 1572 2056
5 343 744 1150 1573 2057
5 344 745 1151 1574 2058
5 345 746 1152 1575 2059
5 346 747 1153 1576 2060
5 347 748 1154 1577 2061
5 348 749 1155 1578 2062
5 349 750 1156 1579 2063
5 350 751 1157 1580 2064
5 351 752 1158 1581 2065
5 352 753 1159 1582 2066
5 353 754 1160 1583 2067
5 354 755 1161 1584 2068
5 355 756 1162 1585 2069
5 356 757 1163 1586 2070
5 357 758 1164 1587 2071
5 358 759 1165 1588 2072
5 359 760 1166 1589 2073
5 360 761 1167 1590 2074
5 361 762 1168 1591 2075
5 362 763 1169 1592 2076
5 363 764 1170 1593 2077
5 364 765 1171 1594 2080
5 365 766 1172 1595 2081
5 366 767 1173 1596 2082
5 367 768 1174 1597 2083
5 368 770 1175 1598 2084
5 369 771 1176 1599 2085
5 370 772 1177 1600 2086
5 371 773 1179 1602 2087
5 372 774 1180 1603 2088
5 373 775 1181 1604 2089
5 374 776 1182 1605 2090
5 375 777 1183 1606 2091
5 376 778 1184 1607 2092
5 377 779 1185 1608 2093
5 378 780 1186 1609 2094
5 379 781 1187 1610 2095
5 380 782 1188 1611 2096
5 381 783 1189 1612 2097
5 382 784 1190 1614 2098
5 383 785 1191 1615 2099
5 384 786 1192 1616 2100
5 385 787 1193 1617 2101
5 386 788 1194 1618 2102
5 387 789 1195 1619 2103
5 388 790 1196 1620 2104
5 389 791 1197 1621 2105
5 390 792 1198 1622 2106
5 391 793 1199 1623 2107
5 392 794 1200 1624 2108
5 393 795 1201 1625 2109
5 394 796 1202 1626 2111
5 395 797 1203 1627 2112
5 396 798 1204 1628 2113
5 397 799 1205 1629 2114
5 398 800 1206 1630 2115
5 399 801 1207 1631 2116
5 400 802 1208 1632 2117
5 401 803 1209 1633 2118