24 0 350 702 1056 1413 1781 2158 2530 2919 3313 3721 4133 4533 4947 5390 5818 6264 6708 7162 7634 8114 8617 9127 9659
24 1 351 703 1057 1414 1782 2159 2531 2920 3314 3722 4134 4534 4948 5391 5819 6266 6709 7163 7635 8115 8618 9132 9660
24 2 352 704 1058 1415 1783 2160 2532 2923 3315 3723 4135 4536 4950 5392 5820 6267 6711 7164 7640 8116 8619 9134 9661
24 3 353 705 1059 1416 1784 2161 2533 2924 3316 3724 4136 4537 4952 5393 5821 6268 6712 7165 7641 8117 8621 9135 9663
24 4 354 706 1060 1417 1786 2162 2534 2925 3317 3725 4137 4538 4953 5394 5822 6269 6713 7166 7644 8119 8622 9137 9664
24 5 355 707 1061 1418 1787 2164 2535 2926 3318 3726 4138 4539 4954 5395 5823 6270 6714 7167 7645 8122 8623 9138 9666
24 6 356 708 1062 1419 1789 2165 2536 2927 3319 3727 4139 4540 4955 5396 5824 6271 6715 7168 7646 8124 8626 9140 9667
24 7 357 709 1063 1420 1790 2166 2537 2928 3320 3728 4140 4541 4956 5397 5825 6272 6716 7169 7647 8126 8628 9142 9668
24 8 358 710 1064 1421 1791 2167 2538 2929 3321 3729 4142 4542 4958 5398 5827 6273 6717 7170 7649 8127 8629 9143 9671
24 9 359 711 1065 1422 1792 2168 2539 2930 3323 3730 4143 4544 4959 5399 5828 6276 6719 7171 7651 8129 8630 9144 9672
24 10 360 712 1066 1423 1793 2169 2540 2931 3325 3731 4144 4545 4961 5400 5830 6277 6721 7172 7652 8131 8631 9146 9673
24 11 361 713 1067 1424 1794 2170 2541 2932 3326 3732 4145 4546 4962 5401 5833 6279 6722 7174 7654 8132 8632 9148 9674
24 12 362 714 1068 1425 1795 2171 2542 2933 3327 3733 4146 4547 4963 5402 5834 6280 6723 7178 7655 8133 8633 9152 9676
24 13 363 715 1069 1426 1796 2172 2543 2934 3328 3734 4147 4548 4964 5403 5836 6281 6724 7181 7656 8135 8635 9153 9677
24 14 364 716 1070 1427 1797 2173 2544 2935 3329 3735 4148 4549 4965 5404 5838 6282 6725 7182 7657 8136 8636 9154 9679
24 15 365 717 1071 1428 1798 2174 2545 2936 3330 3736 4149 4550 4968 5405 5839 6285 6726 7184 7658 8137 8637 9156 9680
24 16 366 718 1072 1429 1799 2175 2546 2937 3331 3737 4150 4551 4969 5406 5840 6286 6727 7187 7659 8138 8639 9158 9681
24 17 367 720 1073 1430 1800 2176 2547 2938 3332 3738 4152 4552 4970 5407 5841 6287 6728 7188 7660 8139 8640 9160 9682
24 18 368 721 1074 1431 1801 2177 2548 2939 3333 3739 4153 4553 4971 5408 5842 6288 6730 7189 7661 8140 8641 9161 9683
24 19 369 722 1075 1432 1802 2178 2549 2941 3334 3740 4154 4554 4972 5409 5843 6289 6732 7190 7663 8142 8643 9162 9684
24 20 370 723 1076 1433 1803 2179 2551 2942 3335 3741 4155 4555 4973 5410 5844 6290 6733 7192 7664 8144 8647 9163 9686
24 21 371 724 1077 1435 1804 2180 2552 2943 3336 3742 4156 4556 4975 5411 5845 6291 6734 7193 7665 8145 8648 9164 9687
24 22 372 725 1078 1436 1806 2181 2553 2944 3337 3743 4157 4557 4977 5412 5847 6293 6735 7194 7666 8146 8650 9167 9689
24 23 373 726 1079 1437 1807 2183 2555 2945 3338 3744 4158 4558 4978 5413 5848 6295 6736 7195 7669 8147 8652 9169 9690
24 24 374 727 1080 1438 1809 2184 2556 2946 3340 3745 4159 4559 4979 5414 5849 6296 6737 7196 7670 8148 8656 9170 9691
24 25 375 728 1081 1439 1810 2185 2558 2947 3341 3746 4160 4561 4981 5415 5850 6297 6739 7197 7671 8149 8658 9171 9693
24 26 376 729 1082 1440 1811 2186 2559 2948 3342 3747 4161 4562 4982 5416 5851 6298 6740 7198 7672 8150 8659 9172 9694
24 27 377 730 1083 1441 1812 2187 2560 2949 3343 3748 4162 4563 4983 5417 5852 6300 6741 7199 7673 8151 8660 9173 9697
24 28 378 731 1084 1442 1814 2188 2561 2950 3344 3749 4163 4564 4984 5418 5853 6301 6742 7200 7676 8153 8661 9174 9698
24 29 379 732 1085 1443 1815 2189 2562 2951 3345 3750 4164 4565 4985 5419 5854 6302 6743 7202 7677 8155 8662 9176 9700
24 30 380 733 1086 1444 1816 2190 2564 2952 3346 3751 4165 4566 4986 5420 5856 6303 6744 7204 7680 8156 8664 9177 9701
24 31 381 734 1087 1445 1818 2192 2565 2953 3347 3752 4167 4567 4987 5421 5858 6305 6745 7206 7681 8157 8665 9178 9703
24 32 382 735 1088 1446 1819 2193 2566 2954 3348 3753 4168 4569 4988 5422 5859 6306 6747 7207 7682 8158 8666 9179 9704
24 33 383 736 1089 1447 1820 2194 2567 2955 3349 3754 4171 4570 4990 5424 5860 6307 6749 7208 7683 8159 8667 9181 9705
24 34 384 737 1090 1448 1821 2195 2568 2956 3350 3755 4173 4571 4991 5425 5861 6308 6750 7209 7684 8160 8668 9185 9706
24 35 385 738 1091 1449 1822 2196 2569 2957 3351 3757 4174 4572 4992 5426 5862 6310 6751 7210 7685 8161 8670 9187 9707
24 36 386 739 1092 1450 1823 2197 2571 2958 3352 3758 4175 4575 4993 5427 5863 6311 6752 7211 7686 8163 8671 9188 9709
24 37 387 740 1093 1451 1825 2198 2572 2959 3354 3759 4176 4576 4995 5428 5864 6312 6753 7212 7687 8164 8672 9192 9710
24 38 388 741 1094 1452 1827 2199 2573 2960 3355 3760 4177 4577 4997 5429 5866 6314 6755 7213 7688 8165 8674 9193 9711
24 39 389 742 1095 1453 1828 2200 2574 2961 3356 3761 4178 4578 4998 5430 5867 6315 6757 7214 7690 8167 8675 9195 9712
24 40 390 743 1096 1454 1829 2201 2575 2962 3357 3762 4179 4579 4999 5431 5869 6316 6758 7215 7692 8168 8676 9196 9713
24 41 391 744 1097 1455 1830 2203 2576 2963 3358 3763 4180 4580 5000 5432 5870 6317 6759 7217 7693 8169 8677 9197 9715
24 42 392 745 1098 1456 1832 2204 2577 2964 3359 3764 4181 4582 5001 5433 5871 6318 6760 7218 7696 8171 8682 9198 9716
24 43 393 747 1099 1457 1834 2205 2578 2965 3360 3767 4183 4583 5002 5434 5872 6320 6761 7220 7697 8173 8683 9199 9717
24 44 394 748 1100 1458 1835 2206 2579 2966 3362 3768 4184 4584 5003 5435 5873 6321 6762 7221 7700 8174 8684 9201 9720
24 45 395 749 1101 1459 1836 2207 2580 2967 3364 3769 4185 4585 5004 5437 5874 6323 6763 7223 7701 8175 8685 9204 9722
24 46 396 750 1102 1460 1837 2208 2581 2968 3365 3770 4187 4586 5006 5438 5875 6324 6764 7224 7702 8179 8686 9205 9723
24 47 397 751 1103 1461 1838 2210 2582 2969 3366 3771 4188 4588 5007 5439 5877 6325 6768 7225 7703 8180 8688 9206 9724
24 48 398 752 1104 1462 1839 2211 2583 2970 3367 3773 4190 4589 5009 5440 5878 6326 6769 7226 7705 8181 8689 9207 9726
24 49 399 753 1105 1463 1840 2212 2585 2971 3368 3774 4191 4590 5010 5441 5879 6327 6771 7227 7706 8182 8690 9208 9728
24 50 400 754 1106 1464 1841 2213 2587 2972 3369 3776 4192 4591 5011 5442 5880 6328 6772 7228 7709 8185 8691 9209 9729
24 51 401 755 1107 1465 1842 2214 2588 2973 3370 3777 4193 4592 5012 5443 5882 6329 6773 7231 7710 8186 8692 9210 9730
24 52 402 756 1108 1467 1843 2215 2589 2974 3371 3778 4194 4593 5013 5444 5884 6331 6774 7233 7711 8187 8694 9212 9731
24 53 403 757 1109 1468 1844 2216 2590 2975 3372 3779 4196 4594 5015 5445 5885 6332 6775 7234 7712 8188 8695 9214 9734
24 54 404 758 1110 1469 1845 2217 2591 2976 3373 3780 4197 4595 5016 5446 5887 6333 6776 7236 7713 8189 8696 9216 9736
24 55 405 759 1112 1470 1847 2218 2592 2977 3374 3783 4198 4596 5017 5447 5888 6334 6777 7237 7714 8190 8702 9217 9739
24 56 406 760 1113 1471 1848 2219 2593 2978 3375 3784 4199 4597 5018 5449 5890 6335 6780 7238 7716 8191 8703 9218 9741
24 57 407 761 1114 1473 1849 2220 2594 2979 3376 3785 4201 4598 5019 5450 5891 6336 6782 7241 7717 8192 8704 9221 9744
24 58 408 762 1115 1474 1850 2221 2595 2980 3377 3786 4202 4599 5021 5451 5892 6337 6783 7242 7718 8194 8705 9222 9746
24 59 409 763 1116 1475 1851 2222 2596 2981 3378 3787 4203 4600 5023 5452 5893 6338 6784 7243 7722 8195 8706 9225 9748
24 60 410 764 1117 1476 1852 2224 2597 2982 3379 3788 4204 4601 5024 5453 5894 6339 6786 7246 7725 8196 8707 9226 9749
24 61 411 765 1118 1477 1853 2225 2598 2983 3380 3789 4205 4602 5025 5457 5896 6342 6787 7247 7726 8197 8708 9228 9750
24 62 412 766 1119 1478 1854 2226 2599 2984 3381 3790 4206 4603 5026 5458 5897 6343 6788 7248 7727 8198 8712 9230 9757
24 63 413 767 1120 1479 1855 2227 2601 2985 3382 3791 4207 4604 5027 5459 5899 6344 6789 7250 7729 8199 8713 9231 9758
24 64 414 768 1121 1480 1856 2228 2602 2986 3386 3792 4208 4605 5028 5463 5900 6345 6792 7252 7730 8200 8715 9232 9759
24 65 415 769 1122 1481 1857 2229 2604 2987 3388 3793 4209 4606 5029 5464 5901 6346 6793 7254 7731 8202 8716 9233 9760
24 66 416 770 1123 1482 1858 2230 2605 2988 3389 3794 4210 4608 5032 5466 5902 6349 6795 7255 7732 8203 8719 9234 9763
24 67 417 771 1124 1483 1859 2231 2606 2989 3390 3795 4211 4609 5033 5468 5904 6350 6797 7257 7733 8206 8720 9237 9765
24 68 418 772 1126 1484 1860 2232 2608 2990 3391 3796 4212 4610 5034 5469 5905 6352 6798 7258 7734 8208 8721 9239 9766
24 69 419 773 1127 1485 1861 2233 2609 2991 3392 3797 4213 4612 5035 5470 5906 6353 6799 7260 7736 8209 8722 9244 9767
24 70 420 774 1128 1486 1862 2235 2610 2992 3393 3798 4215 4613 5036 5471 5907 6354 6800 7261 7737 8210 8728 9245 9768
24 71 421 775 1129 1487 1863 2236 2611 2994 3394 3799 4216 4614 5037 5473 5909 6355 6801 7262 7738 8211 8729 9247 9769
24 72 422 776 1130 1488 1864 2237 2612 2997 3395 3800 4218 4615 5038 5474 5911 6356 6802 7263 7739 8212 8731 9249 9770
24 73 423 777 1131 1489 1865 2238 2613 2998 3396 3801 4220 4617 5039 5477 5913 6357 6803 7264 7740 8213 8732 9250 9771
24 74 424 778 1132 1490 1866 2239 2614 2999 3397 3802 4221 4618 5040 5479 5915 6358 6804 7265 7741 8214 8734 9252 9774
24 75 425 779 1133 1491 1867 2240 2615 3000 3398 3803 4222 4619 5042 5480 5916 6359 6805 7266 7743 8215 8735 9253 9775
24 76 426 780 1134 1492 1868 2242 2616 3001 3399 3804 4223 4620 5043 5481 5918 6360 6806 7267 7745 8216 8736 9254 9776
24 77 427 781 1135 1493 1869 2243 2617 3002 3400 3805 4224 4621 5044 5484 5920 6361 6807 7268 7746 8217 8738 9255 9778
24 78 428 782 1136 1494 1870 2244 2618 3003 3401 3806 4225 4622 5045 5485 5921 6362 6809 7269 7747 8218 8739 9256 9779
24 79 429 783 1137 1495 1871 2245 2619 3004 3402 3807 4226 4623 5047 5486 5922 6364 6810 7270 7748 8219 8742 9259 9780
24 80 430 784 1138 1496 1872 2246 2620 3005 3403 3808 4227 4624 5048 5487 5923 6365 6811 7271 7749 8221 8743 9260 9782
24 81 431 785 1139 1497 1873 2247 2621 3006 3404 3809 4228 4625 5050 5488 5924 6366 6813 7272 7750 8222 8744 9261 9783
24 82 432 786 1140 1498 1874 2248 2622 3007 3405 3810 4229 4626 5051 5489 5925 6367 6814 7273 7751 8223 8747 9262 9784
24 83 433 787 1142 1499 1875 2249 2623 3008 3406 3812 4230 4627 5053 5490 5926 6368 6818 7274 7753 8224 8748 9264 9786
24 84 434 788 1143 1500 1876 2250 2624 3009 3407 3813 4231 4628 5054 5491 5927 6369 6820 7275 7754 8225 8749 9265 9788
24 85 435 789 1144 1501 1877 2251 2625 3010 3408 3814 4232 4629 5055 5493 5928 6370 6821 7276 7755 8226 8750 9266 9789
24 86 436 790 1145 1502 1878 2252 2626 3011 3409 3816 4233 4630 5056 5494 5929 6371 6823 7278 7756 8228 8752 9267 9792
24 87 437 791 1146 1503 1879 2253 2627 3012 3410 3817 4234 4631 5058 5495 5930 6372 6824 7280 7757 8229 8753 9269 9793
24 88 438 792 1147 1504 1880 2254 2628 3013 3411 3818 4235 4633 5059 5496 5931 6373 6825 7281 7758 8230 8755 9271 9794
24 89 439 793 1148 1505 1881 2255 2629 3014 3412 3819 4237 4635 5060 5497 5932 6375 6826 7282 7761 8231 8757 9275 9796
24 90 440 794 1149 1506 1882 2256 2630 3015 3413 3820 4239 4636 5061 5498 5933 6376 6827 7283 7762 8233 8758 9276 9798
24 91 441 795 1150 1507 1883 2257 2631 3017 3414 3821 4240 4637 5063 5499 5935 6377 6828 7284 7763 8236 8759 9277 9799
24 92 442 796 1151 1508 1884 2258 2632 3018 3415 3822 4241 4638 5064 5501 5936 6378 6829 7285 7764 8240 8761 9278 9800
24 93 443 797 1152 1509 1885 2259 2633 3019 3416 3823 4242 4639 5065 5502 5937 6380 6830 7287 7765 8241 8762 9279 9801
24 94 444 798 1153 1510 1886 2260 2634 3020 3417 3824 4243 4640 5067 5504 5943 6381 6831 7288 7766 8242 8763 9280 9802
24 95 445 799 1154 1511 1887 2261 2637 3021 3418 3825 4244 4641 5068 5505 5946 6383 6832 7289 7767 8243 8764 9281 9805
24 96 446 800 1155 1513 1888 2262 2638 3022 3419 3826 4245 4642 5070 5506 5947 6384 6833 7290 7770 8244 8767 9283 9807
24 97 447 801 1156 1514 1889 2263 2639 3023 3420 3828 4247 4643 5071 5507 5948 6385 6834 7291 7771 8245 8768 9285 9808
24 98 448 802 1157 1515 1890 2264 2640 3024 3421 3829 4248 4644 5072 5508 5950 6386 6835 7292 7772 8247 8769 9287 9809
24 99 449 803 1158 1516 1891 2265 2641 3026 3422 3830 4249 4645 5073 5509 5951 6387 6836 7293 7774 8248 8770 9290 9810
24 100 450 804 1159 1517 1892 2266 2642 3027 3424 3834 4250 4646 5074 5510 5953 6388 6837 7294 7775 8249 8771 9291 9812
24 101 451 805 1160 1518 1894 2267 2643 3028 3426 3835 4251 4647 5075 5512 5956 6389 6838 7296 7776 8251 8772 9292 9813
24 102 452 806 1161 1519 1895 2268 2644 3029 3427 3836 4252 4648 5076 5513 5957 6390 6839 7298 7777 8252 8773 9293 9819
24 103 453 807 1162 1520 1897 2269 2645 3030 3428 3837 4253 4649 5078 5514 5958 6391 6840 7300 7778 8253 8774 9294 9821
24 104 454 808 1163 1521 1898 2270 2646 3031 3429 3838 4254 4651 5079 5515 5960 6393 6841 7301 7779 8254 8775 9295 9823
24 105 455 809 1164 1522 1899 2271 2647 3032 3430 3839 4255 4652 5080 5517 5961 6394 6842 7302 7780 8255 8776 9296 9824
24 106 456 810 1165 1523 1900 2272 2649 3033 3431 3840 4256 4653 5081 5518 5962 6395 6843 7303 7783 8258 8777 9297 9827
24 107 457 811 1166 1524 1901 2273 2650 3034 3432 3841 4257 4654 5083 5519 5963 6396 6846 7304 7784 8259 8779 9298 9828
24 108 458 812 1167 1525 1902 2274 2651 3035 3433 3842 4258 4656 5084 5521 5964 6397 6847 7305 7785 8260 8780 9299 9829
24 109 459 813 1168 1526 1903 2275 2653 3036 3434 3843 4261 4657 5085 5523 5969 6398 6848 7306 7786 8262 8782 9300 9830
24 110 460 814 1169 1527 1904 2276 2654 3037 3435 3844 4262 4658 5087 5526 5970 6399 6849 7307 7788 8263 8783 9301 9833
24 111 461 815 1170 1528 1905 2277 2655 3038 3436 3845 4263 4659 5088 5527 5971 6400 6850 7308 7789 8264 8784 9303 9834
24 112 462 816 1171 1529 1906 2278 2656 3040 3437 3846 4264 4663 5089 5530 5972 6401 6851 7310 7791 8265 8785 9305 9837
24 113 463 817 1172 1530 1907 2279 2657 3041 3438 3847 4265 4664 5090 5531 5974 6403 6852 7311 7792 8268 8787 9306 9838
24 114 464 818 1173 1531 1908 2280 2658 3043 3439 3848 4266 4665 5091 5533 5975 6404 6853 7312 7795 8269 8788 9307 9840
24 115 465 819 1174 1532 1909 2281 2659 3045 3441 3849 4267 4666 5092 5536 5976 6405 6854 7314 7796 8270 8789 9309 9841
24 116 466 821 1175 1533 1910 2282 2660 3046 3443 3850 4268 4667 5093 5538 5977 6406 6855 7315 7797 8271 8792 9311 9843
24 117 467 822 1176 1534 1911 2283 2661 3047 3444 3851 4269 4668 5094 5539 5978 6408 6856 7316 7799 8272 8794 9312 9844
24 118 468 823 1177 1535 1912 2284 2662 3048 3445 3852 4270 4669 5095 5540 5979 6409 6858 7319 7801 8274 8795 9313 9845
24 119 469 824 1178 1536 1913 2285 2663 3049 3446 3853 4271 4670 5096 5541 5980 6411 6859 7321 7802 8275 8796 9314 9846
24 120 470 825 1180 1537 1914 2286 2664 3050 3447 3854 4272 4672 5098 5542 5981 6412 6860 7322 7803 8276 8799 9316 9847
24 121 471 826 1181 1538 1915 2287 2665 3051 3449 3857 4273 4673 5099 5543 5982 6413 6861 7325 7804 8278 8800 9318 9849
24 122 472 827 1182 1540 1916 2288 2666 3052 3450 3858 4274 4674 5100 5544 5983 6414 6862 7326 7805 8279 8801 9319 9851
24 123 473 828 1183 1541 1917 2289 2667 3053 3451 3859 4275 4675 5101 5546 5985 6415 6863 7328 7806 8280 8802 9320 9852
24 124 474 829 1184 1542 1918 2290 2668 3054 3453 3861 4276 4676 5102 5547 5986 6417 6865 7330 7807 8283 8803 9323 9855
24 125 475 830 1185 1543 1919 2291 2669 3055 3454 3862 4277 4677 5103 5548 5987 6418 6866 7332 7808 8284 8804 9325 9859
24 126 476 831 1186 1544 1920 2292 2670 3056 3455 3863 4278 4678 5104 5549 5988 6419 6867 7333 7809 8287 8805 9326 9860
24 127 477 832 1188 1545 1921 2293 2671 3057 3456 3864 4280 4679 5105 5550 5989 6420 6870 7334 7810 8288 8806 9327 9862
24 128 478 833 1189 1546 1922 2294 2673 3058 3457 3865 4281 4680 5106 5551 5991 6422 6872 7336 7811 8289 8807 9330 9863
24 129 479 834 1190 1547 1923 2295 2674 3059 3458 3868 4282 4681 5107 5554 5992 6426 6873 7339 7812 8290 8808 9331 9865
24 130 480 835 1191 1548 1924 2296 2675 3060 3459 3869 4283 4682 5108 5556 5993 6427 6874 7340 7813 8291 8809 9332 9866
24 131 481 836 1192 1549 1926 2297 2676 3061 3461 3870 4284 4683 5110 5558 5994 6429 6875 7341 7814 8294 8810 9333 9867
24 132 482 837 1193 1550 1927 2298 2677 3062 3462 3871 4285 4684 5111 5559 5995 6431 6877 7342 7815 8295 8811 9334 9869
24 133 483 838 1194 1551 1928 2299 2678 3063 3463 3872 4286 4685 5114 5560 5996 6432 6878 7344 7816 8296 8812 9335 9871
24 134 484 839 1195 1552 1929 2300 2679 3065 3464 3874 4287 4686 5118 5561 5998 6433 6880 7345 7817 8298 8813 9337 9873
24 135 485 840 1196 1553 1930 2301 2680 3066 3465 3876 4288 4687 5119 5562 6000 6434 6881 7346 7818 8300 8814 9338 9875
24 136 486 841 1197 1554 1931 2302 2681 3067 3466 3879 4289 4688 5120 5563 6002 6435 6882 7347 7819 8301 8815 9339 9876
24 137 487 842 1198 1555 1932 2303 2682 3068 3467 3880 4290 4689 5121 5565 6004 6436 6883 7348 7820 8302 8816 9341 9877
24 138 488 843 1199 1556 1933 2304 2683 3069 3468 3881 4291 4690 5122 5567 6006 6437 6884 7349 7821 8303 8817 9342 9878
24 139 489 844 1200 1557 1934 2305 2684 3070 3469 3882 4292 4691 5123 5568 6007 6438 6886 7350 7823 8304 8818 9343 9879
24 140 490 845 1201 1558 1935 2306 2685 3071 3470 3884 4293 4692 5124 5569 6008 6439 6887 7352 7824 8305 8819 9344 9881
24 141 491 846 1202 1559 1936 2307 2686 3072 3472 3885 4294 4693 5125 5570 6009 6441 6892 7353 7825 8306 8821 9345 9882
24 142 492 847 1203 1560 1937 2308 2687 3073 3473 3886 4295 4694 5131 5571 6010 6442 6893 7354 7826 8307 8822 9346 9886
24 143 493 848 1204 1561 1938 2309 2688 3074 3474 3887 4296 4695 5132 5572 6011 6443 6894 7355 7827 8308 8823 9347 9893
24 144 494 849 1205 1562 1939 2310 2689 3077 3475 3888 4297 4696 5133 5573 6012 6446 6895 7356 7829 8309 8824 9348 9894
24 145 495 850 1206 1563 1940 2311 2690 3078 3477 3889 4298 4698 5135 5575 6013 6447 6896 7357 7830 8310 8825 9349 9895
24 146 496 851 1207 1564 1941 2312 2691 3079 3478 3890 4299 4699 5137 5576 6014 6448 6898 7359 7831 8311 8826 9353 9896
24 147 497 852 1208 1565 1943 2313 2692 3080 3479 3891 4300 4700 5138 5577 6015 6449 6899 7360 7832 8312 8827 9354 9897
24 148 498 853 1209 1566 1944 2314 2693 3081 3480 3892 4301 4702 5139 5578 6017 6450 6900 7362 7834 8313 8830 9355 9900
24 149 499 854 1210 1567 1945 2315 2694 3082 3481 3893 4302 4703 5140 5579 6018 6451 6901 7363 7835 8314 8832 9357 9901
24 150 500 855 1211 1569 1946 2316 2695 3083 3483 3894 4304 4704 5141 5580 6019 6452 6902 7364 7836 8317 8836 9358 9902
24 151 501 856 1212 1570 1947 2317 2696 3084 3484 3895 4305 4705 5142 5581 6020 6453 6903 7365 7837 8318 8837 9359 9903
24 152 502 857 1213 1571 1948 2318 2697 3085 3485 3896 4306 4706 5143 5582 6022 6454 6904 7366 7838 8319 8838 9363 9904
24 153 503 858 1214 1575 1949 2319 2699 3086 3486 3897 4307 4707 5145 5584 6023 6455 6905 7368 7839 8321 8839 9364 9905
24 154 504 859 1215 1576 1950 2320 2700 3087 3487 3898 4308 4708 5146 5586 6024 6456 6906 7370 7841 8323 8840 9365 9906
24 155 505 860 1216 1578 1951 2321 2701 3088 3488 3900 4309 4709 5150 5587 6025 6457 6907 7371 7843 8325 8842 9367 9911
24 156 506 861 1217 1580 1952 2322 2702 3089 3489 3901 4310 4711 5151 5589 6026 6458 6908 7372 7844 8326 8843 9368 9912
24 157 507 862 1218 1581 1953 2323 2703 3090 3490 3904 4312 4712 5152 5590 6027 6460 6909 7373 7846 8329 8844 9369 9914
24 158 508 863 1219 1582 1954 2324 2704 3091 3493 3905 4313 4713 5154 5591 6028 6462 6911 7374 7847 8330 8845 9370 9916
24 159 509 864 1220 1583 1955 2325 2705 3092 3494 3906 4314 4714 5155 5592 6029 6465 6912 7376 7848 8331 8846 9372 9918
24 160 510 865 1221 1584 1956 2326 2706 3093 3495 3907 4315 4716 5157 5593 6031 6466 6913 7377 7850 8332 8847 9373 9919
24 161 511 866 1222 1585 1957 2327 2707 3094 3497 3908 4316 4718 5158 5594 6033 6467 6914 7378 7852 8333 8848 9374 9920
24 162 512 867 1223 1586 1958 2328 2708 3095 3498 3909 4317 4719 5159 5596 6034 6468 6915 7379 7853 8334 8852 9375 9921
24 163 513 868 1224 1588 1960 2329 2709 3096 3499 3910 4319 4720 5161 5597 6035 6469 6916 7385 7854 8335 8853 9376 9922
24 164 514 869 1225 1589 1961 2331 2710 3097 3500 3912 4320 4721 5162 5599 6037 6471 6917 7386 7856 8336 8855 9377 9923
24 165 515 870 1226 1590 1962 2333 2711 3098 3502 3913 4321 4722 5163 5600 6038 6472 6918 7387 7857 8337 8856 9379 9924
24 166 516 871 1227 1591 1963 2334 2712 3099 3504 3915 4323 4723 5164 5601 6039 6473 6920 7388 7858 8338 8857 9381 9926
24 167 517 872 1228 1592 1964 2335 2714 3100 3506 3916 4324 4724 5165 5602 6040 6476 6921 7389 7859 8340 8859 9383 9927
24 168 518 873 1229 1593 1966 2336 2715 3101 3507 3917 4325 4725 5166 5603 6041 6477 6923 7390 7860 8341 8860 9386 9928
24 169 519 874 1230 1594 1967 2337 2716 3102 3508 3918 4326 4726 5167 5605 6043 6478 6924 7391 7861 8342 8861 9387 9929
24 170 520 875 1231 1595 1968 2338 2718 3103 3509 3919 4328 4727 5168 5606 6044 6479 6926 7392 7862 8343 8862 9388 9931
24 171 521 876 1232 1596 1969 2339 2719 3105 3510 3920 4329 4728 5169 5607 6045 6480 6927 7393 7863 8344 8863 9389 9932
24 172 522 877 1233 1597 1970 2340 2720 3106 3512 3923 4330 4729 5170 5609 6047 6483 6929 7396 7866 8345 8864 9390 9934
24 173 523 878 1234 1598 1971 2341 2721 3107 3513 3924 4331 4730 5171 5610 6048 6484 6930 7398 7868 8347 8866 9396 9935
24 174 524 879 1235 1599 1972 2342 2722 3108 3514 3925 4332 4731 5172 5611 6049 6486 6932 7399 7869 8348 8867 9398 9938
24 175 525 880 1236 1600 1973 2343 2723 3109 3515 3926 4333 4732 5173 5614 6050 6487 6934 7400 7870 8350 8868 9399 9941
24 176 527 881 1237 1601 1974 2344 2724 3110 3517 3927 4334 4733 5174 5615 6051 6489 6937 7401 7872 8351 8869 9400 9944
24 177 528 882 1238 1602 1975 2345 2725 3111 3518 3928 4335 4734 5175 5616 6052 6490 6938 7403 7873 8352 8871 9401 9945
24 178 529 883 1239 1603 1976 2346 2726 3112 3520 3930 4336 4735 5176 5617 6053 6491 6939 7404 7874 8353 8874 9402 9946
24 179 530 884 1240 1604 1977 2347 2727 3113 3521 3931 4337 4736 5177 5618 6054 6492 6940 7405 7875 8354 8876 9403 9947
24 180 531 885 1241 1605 1978 2348 2728 3114 3522 3933 4339 4737 5178 5620 6055 6494 6941 7407 7876 8355 8877 9404 9948
24 181 532 886 1242 1606 1979 2349 2729 3115 3523 3934 4340 4738 5179 5621 6057 6495 6942 7409 7877 8357 8878 9405 9950
24 182 533 887 1243 1607 1980 2350 2730 3116 3524 3935 4341 4739 5180 5622 6058 6496 6943 7410 7879 8358 8879 9409 9952
24 183 534 888 1244 1608 1981 2352 2731 3118 3525 3936 4342 4740 5183 5623 6059 6498 6945 7411 7881 8359 8880 9410 9953
24 184 535 889 1245 1609 1982 2353 2732 3120 3526 3938 4343 4741 5184 5624 6060 6499 6946 7413 7882 8360 8881 9411 9958
24 185 536 890 1246 1610 1983 2354 2733 3121 3527 3939 4344 4742 5186 5625 6061 6500 6947 7414 7884 8361 8882 9412 9959
24 186 537 891 1247 1611 1984 2355 2735 3122 3528 3940 4345 4743 5187 5626 6063 6501 6948 7415 7885 8362 8883 9414 9962
24 187 538 892 1248 1612 1985 2356 2736 3124 3529 3941 4346 4744 5188 5627 6064 6502 6949 7417 7886 8363 8886 9418 9964
24 188 539 893 1249 1613 1986 2357 2737 3125 3530 3942 4347 4745 5189 5628 6065 6503 6951 7419 7887 8367 8887 9419 9965
24 189 540 894 1250 1614 1987 2358 2738 3126 3531 3943 4348 4746 5190 5629 6066 6505 6952 7420 7888 8369 8888 9421 9968
24 190 541 895 1251 1615 1988 2359 2739 3127 3532 3944 4350 4747 5191 5630 6067 6506 6953 7422 7889 8370 8889 9422 9969
24 191 542 896 1252 1616 1989 2360 2740 3129 3535 3945 4351 4748 5192 5631 6068 6508 6954 7423 7891 8371 8891 9423 9971
24 192 543 897 1253 1617 1990 2361 2741 3130 3536 3946 4352 4749 5193 5633 6069 6510 6955 7424 7892 8373 8892 9424 9972
24 193 544 898 1254 1618 1991 2362 2742 3131 3537 3947 4353 4750 5194 5635 6070 6511 6957 7425 7893 8374 8893 9426 9973
24 194 545 899 1255 1619 1992 2363 2743 3132 3538 3948 4354 4752 5196 5636 6071 6512 6958 7428 7895 8376 8894 9427 9977
24 195 546 900 1256 1620 1993 2364 2744 3133 3539 3949 4355 4755 5198 5637 6072 6513 6960 7429 7896 8377 8895 9429 9978
24 196 547 901 1257 1621 1994 2366 2745 3134 3540 3952 4356 4756 5199 5638 6074 6514 6962 7431 7897 8378 8898 9430 9979
24 197 548 902 1258 1622 1995 2367 2746 3135 3541 3953 4357 4757 5200 5639 6075 6515 6963 7432 7898 8379 8899 9431 9981
24 198 549 903 1259 1623 1996 2369 2747 3136 3542 3955 4358 4758 5201 5640 6076 6517 6964 7433 7899 8380 8900 9432 9982
24 199 550 904 1260 1624 1997 2370 2748 3137 3543 3956 4359 4761 5202 5641 6077 6518 6965 7434 7900 8382 8901 9433 9983
24 200 551 905 1261 1625 1998 2371 2749 3138 3544 3957 4360 4762 5203 5642 6078 6521 6967 7435 7902 8384 8902 9434 9985
24 201 552 906 1262 1626 2000 2372 2750 3139 3545 3958 4361 4763 5204 5643 6079 6522 6968 7437 7903 8385 8905 9437 9987
24 202 553 907 1263 1627 2001 2373 2751 3140 3546 3959 4362 4767 5205 5644 6080 6523 6969 7438 7904 8387 8907 9438 9991
24 203 554 908 1264 1628 2002 2374 2752 3141 3547 3960 4363 4770 5208 5646 6081 6524 6971 7440 7905 8388 8908 9444 9993
24 204 555 909 1265 1629 2003 2375 2753 3142 3548 3961 4364 4771 5211 5647 6082 6525 6972 7443 7906 8390 8909 9448 9995
24 205 556 910 1266 1630 2004 2376 2754 3143 3549 3962 4365 4772 5212 5648 6083 6526 6974 7444 7907 8391 8912 9449 9996
24 206 557 911 1267 1631 2005 2377 2755 3144 3550 3963 4366 4774 5214 5649 6084 6527 6976 7445 7908 8392 8915 9450 9998
24 207 558 912 1268 1632 2006 2379 2756 3146 3552 3964 4367 4775 5215 5650 6085 6528 6977 7446 7909 8393 8916 9452 9999
23 208 559 913 1269 1633 2007 2380 2757 3147 3553 3965 4368 4776 5216 5651 6086 6529 6981 7447 7911 8395 8917 9453
23 209 560 914 1270 1634 2008 2382 2759 3148 3554 3966 4369 4778 5217 5652 6087 6530 6984 7450 7912 8396 8918 9455
23 210 561 915 1271 1635 2009 2383 2760 3149 3555 3967 4370 4779 5218 5654 6088 6531 6985 7451 7913 8397 8920 9457
23 211 562 916 1272 1636 2010 2384 2761 3150 3556 3969 4371 4780 5219 5655 6089 6532 6986 7452 7917 8401 8921 9458
23 212 563 917 1273 1637 2011 2385 2762 3151 3557 3970 4372 4781 5220 5656 6090 6533 6987 7453 7919 8402 8922 9461
23 213 564 918 1274 1638 2012 2386 2763 3152 3558 3971 4373 4782 5221 5657 6091 6534 6988 7454 7920 8403 8923 9463
23 214 565 919 1275 1639 2013 2387 2764 3154 3559 3973 4374 4783 5222 5659 6094 6535 6989 7455 7921 8405 8925 9464
23 215 566 920 1276 1640 2014 2388 2766 3156 3560 3974 4375 4785 5223 5660 6095 6536 6991 7456 7923 8408 8926 9465
23 216 567 921 1277 1642 2015 2389 2767 3157 3561 3975 4376 4786 5224 5661 6097 6537 6993 7457 7924 8409 8928 9466
23 217 568 922 1278 1643 2016 2390 2768 3158 3563 3976 4377 4787 5225 5662 6098 6538 6996 7459 7925 8411 8929 9468
23 218 569 923 1279 1644 2017 2391 2769 3159 3564 3977 4378 4788 5227 5663 6099 6539 6997 7460 7926 8412 8930 9469
23 219 570 924 1280 1645 2018 2392 2770 3161 3565 3978 4379 4789 5228 5664 6100 6540 6998 7461 7927 8413 8931 9471
23 220 571 925 1281 1646 2019 2393 2771 3162 3566 3979 4380 4790 5229 5665 6101 6541 6999 7462 7928 8414 8932 9472
23 221 572 926 1282 1647 2020 2394 2773 3163 3567 3980 4381 4791 5230 5666 6103 6542 7000 7463 7930 8416 8935 9473
23 222 573 927 1283 1648 2021 2395 2774 3164 3568 3981 4382 4792 5231 5667 6104 6544 7001 7465 7932 8419 8938 9474
23 223 574 928 1284 1649 2022 2396 2775 3165 3569 3982 4383 4793 5232 5670 6106 6545 7002 7466 7933 8420 8939 9476
23 224 575 929 1285 1650 2023 2397 2776 3166 3570 3983 4384 4795 5234 5671 6107 6546 7003 7468 7934 8422 8940 9478
23 225 576 930 1286 1651 2024 2398 2777 3167 3571 3984 4385 4798 5235 5672 6108 6547 7004 7469 7935 8423 8941 9479
23 226 578 931 1287 1652 2025 2399 2778 3168 3572 3985 4386 4799 5236 5674 6109 6548 7005 7470 7936 8425 8942 9480
23 227 579 932 1288 1653 2026 2400 2779 3169 3573 3986 4387 4800 5238 5676 6110 6549 7007 7471 7938 8426 8945 9481
23 228 580 933 1289 1654 2027 2401 2780 3170 3574 3988 4388 4806 5239 5677 6111 6550 7008 7472 7939 8427 8947 9482
23 229 581 934 1290 1655 2028 2402 2781 3172 3575 3989 4389 4809 5240 5678 6112 6552 7009 7473 7940 8428 8951 9483
23 230 582 935 1291 1656 2029 2403 2782 3173 3576 3990 4391 4810 5242 5681 6114 6553 7010 7474 7941 8429 8953 9486
23 231 583 936 1292 1657 2030 2404 2783 3174 3577 3992 4393 4811 5243 5682 6115 6555 7012 7476 7942 8430 8955 9487
23 232 584 937 1293 1658 2031 2405 2784 3175 3578 3993 4394 4812 5244 5684 6116 6558 7013 7477 7943 8433 8956 9490
23 233 585 938 1294 1659 2032 2406 2785 3176 3579 3994 4395 4813 5246 5685 6118 6559 7017 7478 7945 8435 8959 9493
23 234 586 939 1295 1660 2033 2407 2786 3177 3580 3995 4396 4814 5248 5686 6119 6560 7018 7479 7947 8436 8960 9496
23 235 587 940 1296 1661 2034 2408 2787 3178 3583 3996 4399 4815 5249 5687 6120 6561 7019 7480 7948 8437 8962 9497
23 236 588 941 1297 1662 2035 2409 2788 3180 3584 3997 4401 4816 5250 5688 6121 6562 7021 7483 7949 8443 8963 9500
23 237 589 942 1298 1663 2036 2410 2789 3182 3585 3998 4402 4818 5252 5689 6122 6564 7023 7484 7950 8444 8964 9501
23 238 590 943 1299 1664 2037 2411 2790 3184 3586 3999 4403 4819 5253 5690 6124 6565 7024 7486 7951 8446 8965 9502
23 239 591 944 1300 1665 2039 2412 2791 3185 3587 4000 4404 4820 5255 5691 6126 6567 7025 7490 7953 8448 8967 9503
23 240 592 945 1301 1667 2040 2413 2792 3186 3588 4001 4405 4821 5256 5692 6127 6568 7027 7491 7954 8449 8972 9505
23 241 593 946 1302 1668 2041 2415 2794 3188 3589 4002 4406 4822 5257 5693 6128 6569 7028 7492 7955 8451 8973 9507
23 242 594 947 1303 1669 2042 2416 2796 3189 3591 4003 4407 4823 5259 5694 6129 6571 7029 7493 7956 8452 8974 9508
23 243 595 948 1304 1670 2043 2418 2797 3191 3593 4004 4408 4825 5261 5695 6131 6572 7032 7495 7958 8455 8975 9509
23 244 596 949 1305 1671 2044 2419 2798 3192 3594 4005 4409 4826 5264 5697 6132 6573 7033 7497 7959 8456 8976 9510
23 245 597 950 1306 1672 2045 2420 2799 3193 3595 4007 4410 4827 5265 5698 6133 6574 7034 7498 7960 8457 8978 9511
23 246 598 951 1307 1673 2046 2421 2800 3194 3596 4008 4411 4828 5267 5699 6134 6575 7035 7499 7961 8458 8979 9512
23 247 599 952 1308 1674 2047 2422 2801 3195 3597 4009 4412 4829 5268 5700 6135 6576 7036 7500 7962 8459 8981 9513
23 248 600 953 1309 1675 2048 2423 2802 3196 3598 4010 4413 4831 5269 5701 6136 6577 7037 7501 7963 8460 8982 9514
23 249 601 954 1310 1676 2049 2424 2804 3197 3599 4011 4414 4832 5270 5702 6137 6579 7038 7502 7964 8461 8984 9516
23 250 602 955 1311 1677 2050 2425 2806 3199 3600 4012 4416 4833 5271 5704 6138 6581 7039 7503 7965 8465 8985 9517
23 251 603 956 1312 1678 2051 2426 2807 3200 3601 4013 4417 4835 5272 5706 6139 6582 7040 7504 7966 8466 8986 9518
23 252 604 957 1313 1679 2052 2427 2808 3201 3602 4014 4418 4836 5273 5707 6140 6583 7041 7505 7967 8467 8987 9519
23 253 605 958 1314 1680 2053 2428 2809 3202 3603 4015 4419 4837 5274 5708 6141 6584 7043 7506 7968 8469 8988 9521
23 254 606 959 1315 1681 2054 2429 2810 3203 3604 4016 4420 4838 5275 5709 6142 6585 7044 7507 7970 8470 8989 9523
23 255 607 960 1316 1682 2055 2430 2811 3204 3605 4017 4421 4839 5276 5710 6143 6586 7045 7508 7971 8473 8990 9524
23 256 608 961 1317 1683 2056 2431 2812 3205 3606 4018 4422 4840 5277 5711 6144 6587 7046 7509 7972 8474 8993 9525
23 257 609 963 1318 1684 2057 2432 2813 3206 3607 4019 4423 4841 5278 5712 6145 6588 7048 7510 7973 8475 8994 9526
23 258 610 964 1319 1685 2058 2433 2814 3207 3608 4020 4424 4842 5279 5715 6146 6589 7049 7512 7975 8476 8996 9527
23 259 611 965 1320 1686 2059 2434 2815 3208 3609 4021 4425 4843 5280 5716 6147 6590 7050 7513 7977 8477 8997 9528
23 260 612 966 1321 1687 2060 2435 2816 3210 3610 4022 4426 4844 5281 5717 6148 6591 7051 7514 7978 8479 8998 9529
23 261 613 967 1322 1688 2061 2436 2817 3211 3612 4023 4427 4845 5282 5718 6149 6592 7052 7515 7981 8480 8999 9530
23 262 614 968 1323 1689 2062 2437 2818 3212 3613 4024 4428 4846 5283 5719 6153 6593 7053 7517 7983 8482 9000 9532
23 263 615 969 1324 1690 2063 2438 2819 3213 3614 4025 4429 4847 5284 5720 6156 6594 7054 7518 7987 8483 9001 9534
23 264 616 970 1325 1691 2064 2439 2821 3214 3615 4026 4430 4848 5285 5722 6157 6596 7055 7520 7989 8484 9002 9535
23 265 617 971 1326 1692 2065 2441 2824 3215 3616 4027 4431 4849 5286 5723 6158 6598 7056 7521 7990 8485 9003 9536
23 266 618 972 1327 1693 2066 2442 2825 3217 3617 4028 4432 4850 5287 5724 6159 6601 7057 7522 7991 8486 9004 9539
23 267 619 973 1328 1694 2067 2443 2826 3218 3619 4029 4434 4851 5288 5725 6160 6602 7058 7523 7993 8487 9005 9541
23 268 620 974 1329 1695 2068 2444 2827 3219 3620 4030 4435 4853 5289 5726 6161 6604 7059 7524 7994 8488 9006 9542
23 269 621 975 1330 1696 2069 2445 2828 3220 3621 4031 4437 4854 5290 5727 6162 6605 7061 7525 7996 8489 9007 9544
23 270 622 976 1331 1697 2070 2447 2829 3221 3622 4032 4438 4855 5291 5728 6163 6606 7062 7526 7997 8490 9008 9545
23 271 623 977 1332 1698 2071 2448 2831 3222 3623 4033 4439 4856 5292 5729 6164 6607 7063 7527 7998 8491 9009 9547
23 272 624 978 1333 1699 2072 2449 2832 3223 3624 4035 4440 4857 5293 5730 6165 6608 7064 7530 7999 8495 9010 9548
23 273 625 979 1334 1700 2073 2450 2833 3224 3625 4036 4441 4858 5294 5731 6166 6609 7066 7531 8002 8496 9011 9550
23 274 626 980 1335 1701 2074 2451 2834 3225 3626 4037 4443 4859 5295 5732 6167 6611 7067 7532 8004 8497 9012 9551
23 275 627 981 1336 1702 2075 2453 2835 3226 3627 4038 4444 4860 5296 5733 6169 6612 7068 7533 8007 8498 9013 9552
23 276 628 982 1337 1703 2076 2454 2836 3227 3629 4039 4445 4861 5297 5734 6170 6614 7069 7534 8008 8499 9015 9553
23 277 629 983 1338 1704 2077 2455 2837 3228 3631 4040 4446 4862 5299 5735 6171 6615 7070 7535 8009 8501 9016 9555
23 278 630 984 1339 1705 2078 2456 2838 3229 3633 4041 4448 4863 5300 5736 6172 6616 7071 7536 8010 8505 9017 9556
23 279 631 985 1340 1706 2079 2457 2839 3230 3634 4042 4449 4864 5301 5737 6173 6617 7072 7537 8011 8507 9018 9557
23 280 632 986 1341 1707 2080 2458 2840 3231 3635 4043 4450 4865 5302 5738 6174 6619 7073 7540 8013 8508 9020 9558
23 281 633 987 1342 1708 2081 2459 2841 3232 3637 4044 4451 4866 5303 5739 6175 6621 7074 7542 8014 8509 9021 9560
23 282 634 988 1343 1709 2082 2460 2842 3234 3638 4045 4452 4867 5304 5741 6176 6622 7075 7544 8015 8510 9022 9562
23 283 635 989 1344 1710 2083 2461 2843 3235 3639 4046 4453 4868 5305 5742 6178 6624 7076 7546 8016 8511 9023 9563
23 284 636 990 1345 1712 2084 2462 2844 3237 3641 4047 4454 4869 5306 5743 6179 6625 7077 7547 8018 8512 9024 9564
23 285 637 991 1346 1713 2085 2463 2845 3238 3642 4048 4455 4871 5307 5744 6180 6626 7078 7548 8020 8514 9025 9566
23 286 638 992 1347 1714 2087 2464 2846 3239 3644 4051 4456 4872 5309 5745 6181 6627 7079 7549 8021 8515 9026 9567
23 287 639 993 1348 1715 2088 2465 2847 3241 3645 4053 4457 4873 5311 5746 6182 6628 7081 7550 8023 8516 9028 9569
23 288 640 994 1349 1716 2089 2466 2848 3242 3646 4054 4459 4874 5312 5747 6183 6629 7082 7551 8024 8518 9029 9570
23 289 641 995 1350 1718 2092 2467 2850 3243 3647 4055 4460 4875 5314 5748 6184 6630 7083 7553 8025 8519 9030 9572
23 290 642 996 1351 1719 2093 2468 2852 3244 3648 4056 4461 4876 5315 5749 6185 6631 7085 7554 8028 8520 9032 9573
23 291 643 997 1352 1720 2094 2469 2853 3245 3649 4058 4462 4877 5316 5750 6186 6632 7088 7555 8029 8521 9034 9574
23 292 644 998 1353 1721 2095 2470 2856 3246 3650 4059 4463 4879 5317 5752 6187 6633 7089 7556 8030 8522 9035 9575
23 293 645 999 1354 1722 2096 2471 2857 3248 3651 4061 4464 4880 5318 5753 6188 6636 7090 7557 8031 8524 9036 9576
23 294 646 1000 1355 1723 2097 2472 2858 3250 3652 4062 4465 4881 5319 5754 6189 6637 7091 7558 8032 8525 9040 9577
23 295 647 1001 1356 1724 2099 2473 2859 3251 3653 4063 4468 4882 5320 5755 6191 6639 7092 7559 8034 8527 9041 9578
23 296 648 1002 1357 1725 2100 2474 2860 3252 3654 4064 4470 4883 5321 5757 6192 6641 7093 7560 8035 8528 9043 9579
23 297 649 1003 1358 1726 2101 2475 2861 3253 3655 4069 4471 4884 5322 5758 6193 6642 7094 7562 8037 8529 9045 9580
23 298 650 1004 1359 1727 2102 2476 2862 3254 3657 4070 4472 4885 5323 5759 6194 6644 7095 7563 8038 8531 9046 9582
23 299 651 1005 1360 1728 2103 2477 2865 3255 3658 4072 4474 4886 5327 5760 6195 6645 7097 7564 8040 8532 9047 9586
23 300 652 1006 1361 1729 2104 2478 2866 3257 3661 4073 4475 4887 5328 5761 6196 6646 7098 7565 8041 8533 9048 9587
23 301 653 1007 1362 1730 2105 2479 2867 3259 3662 4074 4477 4888 5329 5762 6199 6647 7099 7567 8042 8534 9050 9588
23 302 654 1008 1363 1731 2106 2480 2868 3261 3663 4075 4478 4889 5330 5763 6201 6648 7100 7568 8043 8535 9057 9595
23 303 655 1009 1364 1732 2107 2481 2869 3262 3664 4076 4479 4890 5331 5764 6202 6649 7101 7570 8045 8536 9060 9596
23 304 656 1010 1365 1733 2108 2482 2871 3263 3666 4079 4482 4892 5332 5765 6203 6650 7102 7571 8047 8537 9061 9597
23 305 657 1011 1366 1734 2109 2483 2872 3264 3667 4080 4483 4893 5335 5766 6204 6651 7103 7573 8048 8538 9062 9598
23 306 658 1012 1367 1735 2110 2484 2873 3266 3668 4081 4484 4894 5337 5767 6205 6652 7104 7577 8051 8539 9063 9600
23 307 659 1013 1368 1736 2111 2485 2875 3267 3669 4082 4485 4895 5338 5768 6206 6653 7105 7578 8054 8542 9064 9602
23 308 660 1014 1369 1737 2112 2486 2876 3268 3670 4083 4486 4897 5339 5769 6207 6654 7106 7580 8055 8548 9065 9603
23 309 661 1015 1370 1738 2113 2487 2877 3269 3671 4084 4487 4898 5340 5770 6208 6656 7107 7582 8056 8550 9066 9604
23 310 662 1016 1371 1739 2114 2488 2878 3270 3672 4085 4488 4899 5341 5772 6209 6658 7108 7583 8058 8552 9067 9605
23 311 663 1017 1372 1740 2115 2489 2879 3271 3673 4086 4489 4900 5342 5773 6210 6659 7110 7585 8059 8554 9068 9607
23 312 664 1018 1373 1741 2116 2490 2880 3272 3674 4087 4490 4901 5343 5774 6212 6660 7111 7586 8060 8555 9069 9608
23 313 665 1019 1374 1742 2117 2491 2881 3273 3675 4089 4491 4902 5344 5775 6213 6661 7112 7587 8061 8556 9070 9609
23 314 666 1020 1375 1743 2118 2492 2882 3274 3676 4090 4492 4903 5346 5776 6215 6662 7113 7588 8062 8557 9071 9610
23 315 667 1021 1376 1744 2119 2493 2883 3275 3677 4092 4493 4905 5347 5778 6216 6663 7114 7589 8064 8558 9072 9611
23 316 668 1022 1377 1745 2120 2494 2884 3276 3678 4093 4495 4906 5348 5779 6217 6665 7116 7591 8065 8559 9074 9613
23 317 669 1023 1378 1746 2121 2495 2885 3277 3680 4094 4496 4907 5350 5780 6218 6666 7117 7592 8066 8560 9077 9614
23 318 670 1024 1379 1747 2122 2497 2886 3278 3683 4095 4497 4908 5351 5781 6219 6667 7118 7593 8067 8562 9080 9615
23 319 671 1025 1380 1748 2123 2498 2887 3279 3684 4096 4498 4911 5352 5782 6220 6670 7119 7594 8068 8563 9081 9616
23 320 672 1026 1381 1749 2124 2499 2888 3280 3685 4097 4499 4912 5353 5783 6221 6672 7121 7595 8069 8567 9082 9617
23 321 673 1027 1382 1750 2125 2500 2889 3281 3686 4098 4500 4913 5355 5784 6222 6673 7122 7596 8070 8570 9083 9618
23 322 674 1028 1383 1751 2126 2501 2891 3282 3687 4100 4502 4914 5356 5785 6223 6674 7123 7597 8071 8571 9085 9620
23 323 675 1029 1384 1752 2127 2502 2892 3283 3688 4101 4504 4915 5357 5786 6224 6675 7124 7598 8075 8573 9086 9623
23 324 676 1030 1385 1753 2128 2503 2893 3284 3689 4102 4505 4916 5358 5787 6225 6676 7125 7599 8077 8574 9087 9624
23 325 677 1031 1386 1754 2129 2504 2894 3285 3690 4103 4507 4918 5359 5788 6226 6678 7126 7600 8079 8576 9088 9626
23 326 678 1032 1388 1755 2130 2505 2895 3286 3691 4104 4508 4919 5360 5789 6228 6679 7127 7601 8081 8578 9090 9628
23 327 679 1033 1389 1756 2131 2506 2896 3287 3692 4105 4509 4920 5361 5790 6230 6680 7128 7602 8082 8580 9091 9630
23 328 680 1034 1390 1757 2132 2507 2897 3289 3695 4106 4510 4921 5362 5791 6232 6682 7129 7604 8084 8582 9092 9631
23 329 681 1035 1391 1758 2133 2508 2898 3290 3696 4108 4511 4923 5363 5792 6233 6684 7130 7605 8086 8583 9093 9633
23 330 682 1036 1392 1759 2134 2509 2899 3291 3697 4109 4512 4924 5364 5793 6235 6685 7131 7608 8087 8585 9094 9634
23 331 683 1037 1393 1760 2135 2510 2900 3292 3699 4110 4513 4925 5365 5795 6236 6686 7133 7610 8088 8587 9098 9637
23 332 684 1038 1394 1761 2136 2511 2901 3293 3700 4111 4514 4926 5366 5796 6238 6688 7134 7612 8089 8589 9099 9638
23 333 685 1039 1395 1762 2137 2512 2902 3294 3701 4112 4515 4927 5367 5799 6239 6689 7135 7614 8091 8591 9100 9639
23 334 686 1040 1396 1763 2138 2513 2903 3295 3702 4113 4516 4928 5368 5800 6240 6690 7137 7615 8092 8593 9101 9641
23 335 687 1041 1397 1765 2140 2514 2904 3296 3703 4116 4517 4929 5369 5802 6241 6691 7139 7616 8094 8596 9102 9642
23 336 688 1042 1398 1766 2141 2515 2905 3297 3705 4117 4518 4930 5372 5803 6243 6692 7140 7617 8095 8597 9103 9643
23 337 689 1043 1399 1767 2142 2516 2906 3298 3706 4118 4519 4931 5373 5804 6244 6693 7141 7618 8096 8599 9105 9644
23 338 690 1044 1400 1768 2143 2518 2907 3299 3707 4120 4520 4932 5374 5805 6246 6694 7143 7619 8098 8600 9108 9645
23 339 691 1045 1401 1770 2144 2519 2908 3300 3708 4121 4521 4933 5375 5806 6247 6695 7145 7620 8100 8601 9109 9647
23 340 692 1046 1402 1771 2145 2520 2909 3301 3710 4123 4522 4934 5376 5807 6248 6696 7146 7622 8101 8602 9110 9649
23 341 693 1047 1403 1772 2147 2521 2910 3303 3711 4124 4524 4936 5378 5808 6249 6697 7150 7623 8102 8604 9112 9650
23 342 694 1048 1404 1773 2148 2522 2911 3304 3712 4125 4525 4938 5379 5809 6251 6698 7152 7624 8104 8605 9113 9651
23 343 695 1049 1405 1774 2149 2523 2912 3305 3713 4126 4526 4939 5380 5810 6252 6700 7153 7626 8105 8606 9114 9652
23 344 696 1050 1406 1775 2151 2524 2913 3306 3714 4127 4527 4940 5381 5811 6253 6701 7154 7627 8106 8608 9116 9653
23 345 697 1051 1407 1776 2152 2525 2914 3307 3715 4128 4528 4941 5382 5812 6254 6702 7155 7628 8107 8610 9118 9654
23 346 698 1052 1409 1777 2153 2526 2915 3308 3716 4129 4529 4942 5384 5813 6256 6704 7156 7629 8109 8611 9119 9655
23 347 699 1053 1410 1778 2154 2527 2916 3309 3717 4130 4530 4943 5385 5814 6259 6705 7157 7630 8110 8612 9122 9656
23 348 700 1054 1411 1779 2155 2528 2917 3310 3718 4131 4531 4945 5386 5816 6260 6706 7159 7631 8112 8614 9124 9657
23 349 701 1055 1412 1780 2157 2529 2918 3311 3719 4132 4532 4946 5389 5817 6263 6707 7160 7632 8113 8616 9125 9658